c:\users\bit\desktop\pcshop\pcshop\x64\debug\vc143.pdb
c:\users\bit\desktop\pcshop\pcshop\x64\debug\vc143.idb
c:\users\bit\desktop\pcshop\pcshop\x64\debug\ui_insert.obj
c:\users\bit\desktop\pcshop\pcshop\x64\debug\start.obj
c:\users\bit\desktop\pcshop\pcshop\x64\debug\modal.obj
c:\users\bit\desktop\pcshop\pcshop\x64\debug\handler.obj
c:\users\bit\desktop\pcshop\pcshop\x64\debug\control.obj
c:\users\bit\desktop\pcshop\pcshop\x64\debug\item.obj
c:\users\bit\desktop\pcshop\pcshop\x64\debug\file.obj
c:\users\bit\desktop\lsy\bit_api\pcshop\x64\debug\pcshop.exe
c:\users\bit\desktop\lsy\bit_api\pcshop\x64\debug\pcshop.pdb
c:\users\bit\desktop\pcshop\x64\debug\pcshop.exe
c:\users\bit\desktop\pcshop\x64\debug\pcshop.pdb
c:\users\bit\desktop\lsy\bit_api\pcshop\pcshop\x64\debug\pcshop.res
c:\users\bit\desktop\pcshop\pcshop\x64\debug\pcshop.res
c:\users\bit\desktop\pcshop\pcshop\x64\debug\pcshop.ilk
c:\users\bit\desktop\pcshop\pcshop\x64\debug\ui_listbox.obj
c:\users\bit\desktop\pcshop\pcshop\x64\debug\pcshop.tlog\cl.command.1.tlog
c:\users\bit\desktop\pcshop\pcshop\x64\debug\pcshop.tlog\cl.items.tlog
c:\users\bit\desktop\pcshop\pcshop\x64\debug\pcshop.tlog\cl.read.1.tlog
c:\users\bit\desktop\pcshop\pcshop\x64\debug\pcshop.tlog\cl.write.1.tlog
c:\users\bit\desktop\pcshop\pcshop\x64\debug\pcshop.tlog\link.command.1.tlog
c:\users\bit\desktop\pcshop\pcshop\x64\debug\pcshop.tlog\link.read.1.tlog
c:\users\bit\desktop\pcshop\pcshop\x64\debug\pcshop.tlog\link.secondary.1.tlog
c:\users\bit\desktop\pcshop\pcshop\x64\debug\pcshop.tlog\link.write.1.tlog
c:\users\bit\desktop\pcshop\pcshop\x64\debug\pcshop.tlog\rc.command.1.tlog
c:\users\bit\desktop\pcshop\pcshop\x64\debug\pcshop.tlog\rc.read.1.tlog
c:\users\bit\desktop\pcshop\pcshop\x64\debug\pcshop.tlog\rc.write.1.tlog
